INFO 2018-07-13 11:08:22,125 basehttp 124 "GET /image_code/1 HTTP/1.1" 301 0
ERROR 2018-07-13 11:08:31,319 views 21 --->[图片验证码:[YCMK]<---
ERROR 2018-07-13 11:08:34,766 views 22 --->[UUID:[1]<---
INFO 2018-07-13 11:08:40,555 basehttp 124 "GET /image_code/1/ HTTP/1.1" 200 3551
ERROR 2018-07-13 11:15:05,767 views 21 --->[图片验证码:[EOSL]<---
ERROR 2018-07-13 11:15:05,768 views 22 --->[UUID:[cabcded2-77d4-4865-b4fc-73421b0b06fe]<---
ERROR 2018-07-13 11:15:05,778 views 21 --->[图片验证码:[EOSL]<---
ERROR 2018-07-13 11:15:05,781 views 22 --->[UUID:[c0f59a89-286f-4ed1-a8b9-c72f5ab76f60]<---
INFO 2018-07-13 11:15:05,786 basehttp 124 "GET /image_code/c0f59a89-286f-4ed1-a8b9-c72f5ab76f60/ HTTP/1.1" 200 2974
INFO 2018-07-13 11:15:05,790 basehttp 124 "GET /image_code/cabcded2-77d4-4865-b4fc-73421b0b06fe/ HTTP/1.1" 200 3142
ERROR 2018-07-13 11:15:12,234 views 21 --->[图片验证码:[B5FG]<---
ERROR 2018-07-13 11:15:12,235 views 22 --->[UUID:[2e447f0f-bd23-4161-879c-420aed33a31a]<---
INFO 2018-07-13 11:15:12,238 basehttp 124 "GET /image_code/2e447f0f-bd23-4161-879c-420aed33a31a/ HTTP/1.1" 200 2859
ERROR 2018-07-13 11:17:16,820 views 21 --->[图片验证码:[B7EV]<---
ERROR 2018-07-13 11:17:16,824 views 22 --->[UUID:[3458d98c-3be9-4660-8826-932ac43cd2aa]<---
ERROR 2018-07-13 11:17:16,829 views 21 --->[图片验证码:[B7EV]<---
ERROR 2018-07-13 11:17:16,830 views 22 --->[UUID:[360d57c9-1377-46c9-b593-691dba599f6f]<---
INFO 2018-07-13 11:17:16,833 basehttp 124 "GET /image_code/3458d98c-3be9-4660-8826-932ac43cd2aa/ HTTP/1.1" 200 2757
INFO 2018-07-13 11:17:16,847 basehttp 124 "GET /image_code/360d57c9-1377-46c9-b593-691dba599f6f/ HTTP/1.1" 200 2928
ERROR 2018-07-13 11:19:08,949 views 21 --->[图片验证码:[DRUY]<---
ERROR 2018-07-13 11:19:08,951 views 22 --->[UUID:[45b68c8d-5d05-4256-8d94-7b5ed28caf07]<---
INFO 2018-07-13 11:19:08,958 basehttp 124 "GET /image_code/45b68c8d-5d05-4256-8d94-7b5ed28caf07/ HTTP/1.1" 200 3114
ERROR 2018-07-13 11:19:09,660 views 21 --->[图片验证码:[QHYS]<---
ERROR 2018-07-13 11:19:09,661 views 22 --->[UUID:[bf968ada-6e2c-45bd-984c-fc590aeaeed4]<---
INFO 2018-07-13 11:19:09,663 basehttp 124 "GET /image_code/bf968ada-6e2c-45bd-984c-fc590aeaeed4/ HTTP/1.1" 200 3147
INFO 2018-07-13 11:23:14,036 basehttp 124 "GET /image_code/1 HTTP/1.1" 301 0
ERROR 2018-07-13 11:23:14,057 views 21 --->[图片验证码:[MUWJ]<---
ERROR 2018-07-13 11:23:14,058 views 22 --->[UUID:[1]<---
INFO 2018-07-13 11:23:14,059 basehttp 124 "GET /image_code/1/ HTTP/1.1" 200 3422
ERROR 2018-07-13 11:24:32,398 views 21 --->[图片验证码:[OT8N]<---
ERROR 2018-07-13 11:24:32,398 views 22 --->[UUID:[5d14e0df-ad09-4be0-8cb9-e09595b7637a]<---
INFO 2018-07-13 11:24:32,400 basehttp 124 "GET /image_code/5d14e0df-ad09-4be0-8cb9-e09595b7637a/ HTTP/1.1" 200 3512
ERROR 2018-07-13 11:24:34,341 views 21 --->[图片验证码:[BKD5]<---
ERROR 2018-07-13 11:24:34,342 views 22 --->[UUID:[f5cb83f6-0538-4d19-836a-6ae834da1890]<---
INFO 2018-07-13 11:24:34,344 basehttp 124 "GET /image_code/f5cb83f6-0538-4d19-836a-6ae834da1890/ HTTP/1.1" 200 3609
ERROR 2018-07-13 11:24:36,716 views 21 --->[图片验证码:[QZPD]<---
ERROR 2018-07-13 11:24:36,716 views 22 --->[UUID:[82b32ffb-2ac6-47d3-9b77-8e1ce5c6d73d]<---
INFO 2018-07-13 11:24:36,718 basehttp 124 "GET /image_code/82b32ffb-2ac6-47d3-9b77-8e1ce5c6d73d/ HTTP/1.1" 200 2887
ERROR 2018-07-13 11:24:37,452 views 21 --->[图片验证码:[KPUT]<---
ERROR 2018-07-13 11:24:37,453 views 22 --->[UUID:[cb7463b4-c725-45bc-8101-e9bd4454ced7]<---
INFO 2018-07-13 11:24:37,454 basehttp 124 "GET /image_code/cb7463b4-c725-45bc-8101-e9bd4454ced7/ HTTP/1.1" 200 3048
ERROR 2018-07-13 11:24:38,113 views 21 --->[图片验证码:[KBH8]<---
ERROR 2018-07-13 11:24:38,113 views 22 --->[UUID:[6486912f-dcba-4274-a317-8cd7ee3c9444]<---
INFO 2018-07-13 11:24:38,115 basehttp 124 "GET /image_code/6486912f-dcba-4274-a317-8cd7ee3c9444/ HTTP/1.1" 200 2803
ERROR 2018-07-13 11:24:38,514 views 21 --->[图片验证码:[R5H8]<---
ERROR 2018-07-13 11:24:38,514 views 22 --->[UUID:[5efe4aa9-e620-451a-87bf-df761fba1a46]<---
INFO 2018-07-13 11:24:38,515 basehttp 124 "GET /image_code/5efe4aa9-e620-451a-87bf-df761fba1a46/ HTTP/1.1" 200 3203
ERROR 2018-07-13 11:24:38,793 views 21 --->[图片验证码:[4MKS]<---
ERROR 2018-07-13 11:24:38,793 views 22 --->[UUID:[4549505e-f6a1-4acf-825b-575572536bf0]<---
INFO 2018-07-13 11:24:38,796 basehttp 124 "GET /image_code/4549505e-f6a1-4acf-825b-575572536bf0/ HTTP/1.1" 200 3120
ERROR 2018-07-13 11:24:38,994 views 21 --->[图片验证码:[IWLA]<---
ERROR 2018-07-13 11:24:38,994 views 22 --->[UUID:[f191615a-7a47-4ea7-a822-6a3cf877a398]<---
INFO 2018-07-13 11:24:38,998 basehttp 124 "GET /image_code/f191615a-7a47-4ea7-a822-6a3cf877a398/ HTTP/1.1" 200 3409
ERROR 2018-07-13 11:24:39,211 views 21 --->[图片验证码:[WJYN]<---
ERROR 2018-07-13 11:24:39,212 views 22 --->[UUID:[f86386f7-59bd-4db8-9bf9-800d5fd396bf]<---
INFO 2018-07-13 11:24:39,214 basehttp 124 "GET /image_code/f86386f7-59bd-4db8-9bf9-800d5fd396bf/ HTTP/1.1" 200 3220
ERROR 2018-07-13 11:24:42,931 views 21 --->[图片验证码:[A6IK]<---
ERROR 2018-07-13 11:24:42,931 views 22 --->[UUID:[1a5d3f21-2a5e-4173-beef-5010f9b72ea1]<---
INFO 2018-07-13 11:24:42,932 basehttp 124 "GET /image_code/1a5d3f21-2a5e-4173-beef-5010f9b72ea1/ HTTP/1.1" 200 2984
ERROR 2018-07-13 11:24:43,224 views 21 --->[图片验证码:[CT8Y]<---
ERROR 2018-07-13 11:24:43,224 views 22 --->[UUID:[11641008-171c-4c8d-a9c6-885586e2470f]<---
INFO 2018-07-13 11:24:43,228 basehttp 124 "GET /image_code/11641008-171c-4c8d-a9c6-885586e2470f/ HTTP/1.1" 200 3060
ERROR 2018-07-13 11:24:43,398 views 21 --->[图片验证码:[JD6M]<---
ERROR 2018-07-13 11:24:43,398 views 22 --->[UUID:[c57101ef-e4b9-4346-933d-d3281149e99c]<---
INFO 2018-07-13 11:24:43,399 basehttp 124 "GET /image_code/c57101ef-e4b9-4346-933d-d3281149e99c/ HTTP/1.1" 200 3076
ERROR 2018-07-13 11:24:43,584 views 21 --->[图片验证码:[PNHY]<---
ERROR 2018-07-13 11:24:43,585 views 22 --->[UUID:[0252e891-257b-4b25-b5dd-b02706b87e73]<---
INFO 2018-07-13 11:24:43,588 basehttp 124 "GET /image_code/0252e891-257b-4b25-b5dd-b02706b87e73/ HTTP/1.1" 200 3274
ERROR 2018-07-13 11:24:43,766 views 21 --->[图片验证码:[JODN]<---
ERROR 2018-07-13 11:24:43,767 views 22 --->[UUID:[1ac025c5-f60b-4b4c-9041-3106c038f909]<---
INFO 2018-07-13 11:24:43,768 basehttp 124 "GET /image_code/1ac025c5-f60b-4b4c-9041-3106c038f909/ HTTP/1.1" 200 3219
ERROR 2018-07-13 11:24:43,938 views 21 --->[图片验证码:[5R7Y]<---
ERROR 2018-07-13 11:24:43,938 views 22 --->[UUID:[548fc283-cf0e-4b16-82ff-418aa38f4e9d]<---
INFO 2018-07-13 11:24:43,942 basehttp 124 "GET /image_code/548fc283-cf0e-4b16-82ff-418aa38f4e9d/ HTTP/1.1" 200 3163
ERROR 2018-07-13 11:24:44,131 views 21 --->[图片验证码:[SYXJ]<---
ERROR 2018-07-13 11:24:44,131 views 22 --->[UUID:[d6f7b9e8-24a0-4a74-b052-bfa2484e3ba6]<---
INFO 2018-07-13 11:24:44,133 basehttp 124 "GET /image_code/d6f7b9e8-24a0-4a74-b052-bfa2484e3ba6/ HTTP/1.1" 200 3256
ERROR 2018-07-13 11:24:44,745 views 21 --->[图片验证码:[T98C]<---
ERROR 2018-07-13 11:24:44,745 views 22 --->[UUID:[46dc5034-fb03-41d2-8835-d967058141bc]<---
INFO 2018-07-13 11:24:44,746 basehttp 124 "GET /image_code/46dc5034-fb03-41d2-8835-d967058141bc/ HTTP/1.1" 200 3215
ERROR 2018-07-13 11:24:44,925 views 21 --->[图片验证码:[RK3Z]<---
ERROR 2018-07-13 11:24:44,925 views 22 --->[UUID:[24c35266-05c8-45b6-8e53-cd889484acec]<---
INFO 2018-07-13 11:24:44,927 basehttp 124 "GET /image_code/24c35266-05c8-45b6-8e53-cd889484acec/ HTTP/1.1" 200 3188
ERROR 2018-07-13 11:24:45,119 views 21 --->[图片验证码:[CPOY]<---
ERROR 2018-07-13 11:24:45,119 views 22 --->[UUID:[7a133aa8-ac96-4bfb-a156-2fdf9b5950fd]<---
INFO 2018-07-13 11:24:45,123 basehttp 124 "GET /image_code/7a133aa8-ac96-4bfb-a156-2fdf9b5950fd/ HTTP/1.1" 200 3135
ERROR 2018-07-13 11:24:45,293 views 21 --->[图片验证码:[NSJA]<---
ERROR 2018-07-13 11:24:45,293 views 22 --->[UUID:[ef368e06-0b5b-46c0-8759-6fc6c060eb14]<---
INFO 2018-07-13 11:24:45,294 basehttp 124 "GET /image_code/ef368e06-0b5b-46c0-8759-6fc6c060eb14/ HTTP/1.1" 200 3047
ERROR 2018-07-13 11:25:13,369 views 21 --->[图片验证码:[YLXS]<---
ERROR 2018-07-13 11:25:13,369 views 22 --->[UUID:[b9d37091-b106-4d0e-8db2-788922c66267]<---
INFO 2018-07-13 11:25:13,373 basehttp 124 "GET /image_code/b9d37091-b106-4d0e-8db2-788922c66267/ HTTP/1.1" 200 3334
ERROR 2018-07-13 11:25:16,110 views 21 --->[图片验证码:[Y8TP]<---
ERROR 2018-07-13 11:25:16,110 views 22 --->[UUID:[47330b87-b7ff-472f-9a9e-fb23fde5ee68]<---
INFO 2018-07-13 11:25:16,113 basehttp 124 "GET /image_code/47330b87-b7ff-472f-9a9e-fb23fde5ee68/ HTTP/1.1" 200 3061
ERROR 2018-07-13 11:25:16,857 views 21 --->[图片验证码:[CJOI]<---
ERROR 2018-07-13 11:25:16,858 views 22 --->[UUID:[0c8ab092-92f8-4d5e-b56e-6da8b0e194e8]<---
INFO 2018-07-13 11:25:16,859 basehttp 124 "GET /image_code/0c8ab092-92f8-4d5e-b56e-6da8b0e194e8/ HTTP/1.1" 200 2868
ERROR 2018-07-13 11:25:17,333 views 21 --->[图片验证码:[7DUT]<---
ERROR 2018-07-13 11:25:17,333 views 22 --->[UUID:[7e6e8409-7320-43c0-8061-d17925f101b3]<---
INFO 2018-07-13 11:25:17,334 basehttp 124 "GET /image_code/7e6e8409-7320-43c0-8061-d17925f101b3/ HTTP/1.1" 200 3335
ERROR 2018-07-13 11:25:17,499 views 21 --->[图片验证码:[DNEE]<---
ERROR 2018-07-13 11:25:17,499 views 22 --->[UUID:[adaa9514-c4ac-4e72-a7aa-146b82500eb7]<---
INFO 2018-07-13 11:25:17,500 basehttp 124 "GET /image_code/adaa9514-c4ac-4e72-a7aa-146b82500eb7/ HTTP/1.1" 200 3013
ERROR 2018-07-13 11:25:17,682 views 21 --->[图片验证码:[NBLV]<---
ERROR 2018-07-13 11:25:17,683 views 22 --->[UUID:[368a877f-329e-441f-9e8c-6709d9a875e5]<---
INFO 2018-07-13 11:25:17,684 basehttp 124 "GET /image_code/368a877f-329e-441f-9e8c-6709d9a875e5/ HTTP/1.1" 200 3228
ERROR 2018-07-13 11:25:17,872 views 21 --->[图片验证码:[ZMF9]<---
ERROR 2018-07-13 11:25:17,873 views 22 --->[UUID:[593f7fcb-7434-42f0-9c6b-4e8cd0766248]<---
INFO 2018-07-13 11:25:17,874 basehttp 124 "GET /image_code/593f7fcb-7434-42f0-9c6b-4e8cd0766248/ HTTP/1.1" 200 3160
